/scratch/work/shit1/.conda_envs/auto-rag/lib/python3.9/site-packages/huggingface_hub/file_download.py:1150: FutureWarning: `resume_download` is deprecated and will be removed in version 1.0.0. Downloads always resume when possible. If you want to force a new download, use `force_download=True`.
  warnings.warn(
2025-02-27 10:51:13.253 | DEBUG    | text2vec.sentence_model:__init__:80 - Use device: cuda:0
Read gold from ./data/gold.json
Read predict file from ./data/result.json
预测: 中国足球的队长是谁, 得分: 1.0
预测: 新冠肺炎如何预防？, 得分: 0.0
预测: 交通事故如何处理？, 得分: 0.34749847650527954
预测: 怎样加热座椅？, 得分: 0.9431475698947906
预测: 自动模式下，中央显示屏是如何切换日间和夜间模式的？, 得分: 0.9378871321678162
预测: 如何通过中央显示屏进行副驾驶员座椅设置？, 得分: 0.9878671169281006
预测: 副仪表台按钮如何操作中央显示屏？, 得分: 0.9885951280593872
预测: 如何从锁定状态唤醒中央显示器?, 得分: 0.32974034547805786
预测: 如何正确使用颈椎保护系统？, 得分: 0.8971063494682312
预测: 前方交叉路口预警系统（FCTA）的作用是什么？, 得分: 0.9762918949127197
预测: 在使用FCTA时需要注意哪些事项？, 得分: 0.9817838966846466
预测: 如何打开车辆尾门？, 得分: 0.9644173681735992
预测: 在哪些情况下智能钥匙可能会受到干扰，导致功能异常？, 得分: 0.9948485195636749
预测: 车辆尾门的防夹保护功能是如何工作的？, 得分: 0.9819754064083099
预测: 在操作电动后备厢时需要注意哪些事项？, 得分: 0.9849550724029541
预测: 如何进入车辆功能界面？, 得分: 0.9999999701976776
预测: 在车辆功能界面有哪些操作选项？, 得分: 0.9754042625427246
预测: 如何编辑快捷开关图标?, 得分: 0.9925588369369507
预测: 如何减少车辆腐蚀风险？, 得分: 0.9246671199798584
预测: 如何通过空调系统面板调节空调风量？, 得分: 0.3765344023704529
预测: 如何创建新的Lynk&CoID？, 得分: 0.9600259959697723
预测: 什么是车主账户？, 得分: 0.9780774712562561
预测: 如何创建人脸识别？, 得分: 0.9139432013034821
预测: 如何添加亲情账号？, 得分: 0.9528013169765472
预测: 如何开启或关闭用车偏好自动同步？, 得分: 0.9840424954891205
预测: 如何熄火我的车辆？, 得分: 0.962716281414032
预测: 如何通过遥控钥匙启动车辆？, 得分: 0.9303591549396515
预测: 如果遥控钥匙电池电量低，我应该如何启动车辆？, 得分: 0.9331717491149902
预测: 如何调节外后视镜？, 得分: 0.9882928133010864
预测: 外部反光境显示物体距离是否准确?, 得分: 0.927003026008606
预测: 什么是自动驻车系统？, 得分: 0.9840353727340698
预测: 在什么情况下会停用AutoHold并启用EPB功能？, 得分: 0.9799932539463043
预测: 中央扶手箱的USB接口有几个？它们分别是什么类型？, 得分: 0.4606021046638489
预测: 中央扶手箱所支持的U盘及数据传输格式有哪些？, 得分: 0.41655126214027405
预测: 如何通过中央显示屏调节驾驶员侧座椅通风强度？, 得分: 0.9919927418231964
预测: 如何关闭前排座行车通风功能？, 得分: 0.9366109371185303
预测: 如何进入系统设置界面？, 得分: 1.0
预测: 在系统界面可以进行哪些操作？, 得分: 0.39027610421180725
预测: 什么是无钥匙进入系统？, 得分: 0.9398142397403717
预测: 如何设置无钥匙解锁模式？, 得分: 0.9691732227802277
预测: 设置无钥匙解锁中单门和全车的区别在于什么？, 得分: 0.9432693123817444
预测: 驾驶车辆时应遵守哪些注意事项？, 得分: 0.9786617755889893
预测: 如何启用或停用手套箱密码保护功能？, 得分: 0.9360817074775696
预测: 驾驶员状态监测系统是如何工作的？, 得分: 0.9386751055717468
预测: 什么情况下会影响到驾驶员状态监测系统的工作？, 得分: 0.9540300369262695
预测: 如何启用后排儿童锁功能？, 得分: 0.902515172958374
预测: 安全气囊是什么？它的作用是什么？, 得分: 0.9879810810089111
预测: 如果未使用或未正确使用安全带，会对安全气囊有何影响？ , 得分: 0.9999999701976776
预测: 在使用车辆时，有哪些安全气囊的注意事项？, 得分: 0.9788675010204315
预测: 如何开启动力电池电量保持功能？, 得分: 0.9617517590522766
预测: 在开启动力电池的情况下，选择经济性优先和充电速度优先有什么区别？, 得分: 0.9762053489685059
预测: 后方碰撞预警系统在什么情况下会启动？, 得分: 0.9649617671966553
预测: 如何调整方向盘的位置？, 得分: 0.9707068502902985
预测: 什么情况下不能调节车辆的方向盘？, 得分: 1.0
预测: 如何通过手机APP启动车辆？, 得分: 0.942326694726944
预测: 什么是陡坡缓降系统（HDC什么是陡坡缓降系统（HDC）？, 得分: 0.9055331647396088
预测: 当坡度过大时，如何操作才能使车辆保持匀速地行驶？, 得分: 0.9461460411548615
预测: 在什么情况下HDC会激活？, 得分: 0.9916412830352783
预测: 在什么情况下无法激活或自动退出HDC功能？, 得分: 0.9979962110519409
预测: 开启陡坡缓降系统后，组合仪表显示什么颜色的指示灯？, 得分: 1.0
预测: 激活陡坡缓降系统时，组合仪表显示什么颜色的指示灯？, 得分: 0.8566451370716095
预测: 当陡坡缓降系统出现故障时，组合仪表会显示怎样的提示？, 得分: 1.0
预测: 坡道辅助系统的主要功能是什么？, 得分: 0.921076089143753
预测: 使用坡道辅助系统时需要注意哪些警告？, 得分: 0.9642713665962219
预测: 在有路缘石的上坡和下坡驻车时，应如何操作？, 得分: 0.943446934223175
预测: 新车在最初的2000km行驶期间应遵守哪些事项？, 得分: 0.9988920390605927
预测: 当刹车片将达到最小安全厚度时会有什么表现？, 得分: 0.9382418692111969
预测: 如果听到持续的高频尖锐噪声应该怎么做？, 得分: 0.9604932069778442
预测: 风挡摄像头和前雷达在什么情况下会弹出警示消息？, 得分: 0.986234039068222
预测: 如何通过蓝牙钥匙启动车辆？, 得分: 0.9224063158035278
预测: 在什么情况下无法通过蓝牙钥匙启动车辆？, 得分: 0.9936946332454681
预测: 如何通过网络远程启动发动机？, 得分: 0.359055757522583
预测: 变道辅助系统由哪三部分组成？, 得分: 0.9999999403953552
预测: 如何检查制动液液位？, 得分: 0.9761161208152771
预测: 如何调节车辆的背光亮度？, 得分: 0.36069780588150024
预测: 在白天和夜晚，开启和未开启整车背光联动时，转动调光旋钮有什么不同？, 得分: 0.9700118601322174
预测: 当车辆发生故障时，应该如何处理？, 得分: 0.9482574760913849
预测: 为什么不建议自行修理车辆故障？, 得分: 0.9417524933815002
预测: 什么是能量回收系统？, 得分: 0.9928148686885834
预测: 如何知道车辆正在进行能量回收？, 得分: 0.9572855532169342
预测: 影响能量回收多少的因素有哪些？, 得分: 0.9104163348674774
预测: 什么是智能远近光控制系统？, 得分: 0.9513555467128754
预测: 在什么情况下可以开启智能远近光控制系统？, 得分: 0.975032389163971
预测: 哪些因素可能导致智能远近光控制系统无法正常工作？, 得分: 0.31244128942489624
预测: 如何启用前除霜/除雾功能？, 得分: 0.9138409495353699
预测: 当我开启前挡风玻璃的去冰去雾模式时，车辆会有什么反应？, 得分: 0.9419136941432953
预测: 为什么驾驶之前需要确保挡风玻璃无冰渣、积雪或冷凝水？, 得分: 0.9026570916175842
预测: 什么情况下车辆需要进行报废处理？, 得分: 0.9813587069511414
预测: 什么是遥控泊车（RPA）？, 得分: 0.9557779431343079
预测: 使用Lynk&CoApp的RPA功能需要注意什么？, 得分: 0.910060703754425
预测: 如何开启方向盘助力与驾驶模式联动？, 得分: 0.9464453458786011
预测: 有哪些可选的方向盘转向助力模式？, 得分: 0.9069314897060394
预测: 主动式座舱清洁系统的作用是什么？, 得分: 0.9370051026344299
预测: 全景天窗是由几部分组成的？, 得分: 1.0
预测: 如何使用位置记忆功能？, 得分: 0.9217332601547241
预测: 如何更换后挡风玻璃雨刮片？, 得分: 0.9749097526073456
预测: 在更换雨刮片时需要注意什么？, 得分: 0.9690330624580383
预测: 如何添加香氛精油？, 得分: 0.985118180513382
预测: 我应该在哪里添加香氛精油？, 得分: 0.9803880453109741
预测: 什么是转向助力系统？, 得分: 0.9958062767982483
预测: 涉水行驶前应注意什么？, 得分: 0.9825769364833832
预测: 涉水驾驶后需要进行哪些检查？, 得分: 0.9939515888690948
预测: 什么时候应该为车辆打蜡？, 得分: 0.9265166819095612


====================================================================================================
预测问题数：103, 预测平均得分：0.9002793813214719
====================================================================================================

结果文件保存至./data/metrics.json
