/scratch/work/shit1/.conda_envs/auto-rag/lib/python3.9/site-packages/torch/_utils.py:831: UserWarning: TypedStorage is deprecated. It will be removed in the future and UntypedStorage will be the only storage class. This should only matter to you if you are using storages directly.  To access UntypedStorage directly, use tensor.untyped_storage() instead of tensor.storage()
  return self.fget.__get__(instance, owner)()
2025-02-25 11:49:35.110 | DEBUG    | text2vec.sentence_model:__init__:80 - Use device: cuda:0
Read gold from ./data/gold.json
Read predict file from ./data/result.json
预测: 中国足球的队长是谁, 得分: 0.0
预测: 新冠肺炎如何预防？, 得分: 0.0
预测: 交通事故如何处理？, 得分: 0.4224529266357422
预测: 怎样加热座椅？, 得分: 0.9431475698947906
预测: 自动模式下，中央显示屏是如何切换日间和夜间模式的？, 得分: 0.9413122832775116
预测: 如何通过中央显示屏进行副驾驶员座椅设置？, 得分: 0.9878671169281006
预测: 副仪表台按钮如何操作中央显示屏？, 得分: 0.9885951280593872
预测: 如何从锁定状态唤醒中央显示器?, 得分: 0.32974034547805786
预测: 如何正确使用颈椎保护系统？, 得分: 0.9662955403327942
预测: 前方交叉路口预警系统（FCTA）的作用是什么？, 得分: 0.9762918949127197
预测: 在使用FCTA时需要注意哪些事项？, 得分: 0.9817838966846466
预测: 如何打开车辆尾门？, 得分: 0.9615495204925537
预测: 在哪些情况下智能钥匙可能会受到干扰，导致功能异常？, 得分: 0.984975665807724
预测: 车辆尾门的防夹保护功能是如何工作的？, 得分: 0.965349406003952
预测: 在操作电动后备厢时需要注意哪些事项？, 得分: 0.958829253911972
预测: 如何进入车辆功能界面？, 得分: 0.984874963760376
预测: 在车辆功能界面有哪些操作选项？, 得分: 0.970576286315918
预测: 如何编辑快捷开关图标?, 得分: 0.9917660355567932
预测: 如何减少车辆腐蚀风险？, 得分: 0.9714496433734894
预测: 如何通过空调系统面板调节空调风量？, 得分: 0.3765344023704529
预测: 如何创建新的Lynk&CoID？, 得分: 0.9610527753829956
预测: 什么是车主账户？, 得分: 0.9648936092853546
预测: 如何创建人脸识别？, 得分: 0.9507719278335571
预测: 如何添加亲情账号？, 得分: 0.9528013169765472
预测: 如何开启或关闭用车偏好自动同步？, 得分: 0.9072025418281555
预测: 如何熄火我的车辆？, 得分: 0.9590244889259338
预测: 如何通过遥控钥匙启动车辆？, 得分: 0.9303591549396515
预测: 如果遥控钥匙电池电量低，我应该如何启动车辆？, 得分: 0.9331717491149902
预测: 如何调节外后视镜？, 得分: 0.9838671088218689
预测: 外部反光境显示物体距离是否准确?, 得分: 0.9255420863628387
预测: 什么是自动驻车系统？, 得分: 0.9840353727340698
预测: 在什么情况下会停用AutoHold并启用EPB功能？, 得分: 0.9799932539463043
预测: 中央扶手箱的USB接口有几个？它们分别是什么类型？, 得分: 0.4606021046638489
预测: 中央扶手箱所支持的U盘及数据传输格式有哪些？, 得分: 0.41655126214027405
预测: 如何通过中央显示屏调节驾驶员侧座椅通风强度？, 得分: 0.9919927418231964
预测: 如何关闭前排座行车通风功能？, 得分: 0.9366109371185303
预测: 如何进入系统设置界面？, 得分: 1.0
预测: 在系统界面可以进行哪些操作？, 得分: 0.9419525265693665
预测: 什么是无钥匙进入系统？, 得分: 0.9359535276889801
预测: 如何设置无钥匙解锁模式？, 得分: 0.9691732227802277
预测: 设置无钥匙解锁中单门和全车的区别在于什么？, 得分: 0.9609967172145844
预测: 驾驶车辆时应遵守哪些注意事项？, 得分: 0.9786617755889893
预测: 如何启用或停用手套箱密码保护功能？, 得分: 0.9360817074775696
预测: 驾驶员状态监测系统是如何工作的？, 得分: 0.9386751055717468
预测: 什么情况下会影响到驾驶员状态监测系统的工作？, 得分: 0.9604396820068359
预测: 如何启用后排儿童锁功能？, 得分: 0.9619877338409424
预测: 安全气囊是什么？它的作用是什么？, 得分: 0.9398627877235413
预测: 如果未使用或未正确使用安全带，会对安全气囊有何影响？ , 得分: 0.9999999701976776
预测: 在使用车辆时，有哪些安全气囊的注意事项？, 得分: 0.981145441532135
预测: 如何开启动力电池电量保持功能？, 得分: 0.9943910241127014
预测: 在开启动力电池的情况下，选择经济性优先和充电速度优先有什么区别？, 得分: 0.9762053489685059
预测: 后方碰撞预警系统在什么情况下会启动？, 得分: 0.9649617671966553
预测: 如何调整方向盘的位置？, 得分: 0.9711291491985321
预测: 什么情况下不能调节车辆的方向盘？, 得分: 1.0
预测: 如何通过手机APP启动车辆？, 得分: 0.9404941201210022
预测: 什么是陡坡缓降系统（HDC什么是陡坡缓降系统（HDC）？, 得分: 0.9055331647396088
预测: 当坡度过大时，如何操作才能使车辆保持匀速地行驶？, 得分: 0.9481478929519653
预测: 在什么情况下HDC会激活？, 得分: 0.9916412830352783
预测: 在什么情况下无法激活或自动退出HDC功能？, 得分: 0.9979566931724548
预测: 开启陡坡缓降系统后，组合仪表显示什么颜色的指示灯？, 得分: 1.0
预测: 激活陡坡缓降系统时，组合仪表显示什么颜色的指示灯？, 得分: 0.9981531500816345
预测: 当陡坡缓降系统出现故障时，组合仪表会显示怎样的提示？, 得分: 1.0
预测: 坡道辅助系统的主要功能是什么？, 得分: 0.921076089143753
预测: 使用坡道辅助系统时需要注意哪些警告？, 得分: 0.9642713665962219
预测: 在有路缘石的上坡和下坡驻车时，应如何操作？, 得分: 0.9480148553848267
预测: 新车在最初的2000km行驶期间应遵守哪些事项？, 得分: 0.9982438683509827
预测: 当刹车片将达到最小安全厚度时会有什么表现？, 得分: 0.9382418692111969
预测: 如果听到持续的高频尖锐噪声应该怎么做？, 得分: 0.9604932069778442
预测: 风挡摄像头和前雷达在什么情况下会弹出警示消息？, 得分: 0.986234039068222
预测: 如何通过蓝牙钥匙启动车辆？, 得分: 0.9224063158035278
预测: 在什么情况下无法通过蓝牙钥匙启动车辆？, 得分: 0.9873443841934204
预测: 如何通过网络远程启动发动机？, 得分: 0.939757764339447
预测: 变道辅助系统由哪三部分组成？, 得分: 0.9999999403953552
预测: 如何检查制动液液位？, 得分: 1.0
预测: 如何调节车辆的背光亮度？, 得分: 0.927510142326355
预测: 在白天和夜晚，开启和未开启整车背光联动时，转动调光旋钮有什么不同？, 得分: 0.970740556716919
预测: 当车辆发生故障时，应该如何处理？, 得分: 0.9230921268463135
预测: 为什么不建议自行修理车辆故障？, 得分: 0.9417524933815002
预测: 什么是能量回收系统？, 得分: 0.9928148686885834
预测: 如何知道车辆正在进行能量回收？, 得分: 0.9252405762672424
预测: 影响能量回收多少的因素有哪些？, 得分: 0.9134751558303833
预测: 什么是智能远近光控制系统？, 得分: 0.946651965379715
预测: 在什么情况下可以开启智能远近光控制系统？, 得分: 0.944686621427536
预测: 哪些因素可能导致智能远近光控制系统无法正常工作？, 得分: 0.40139326453208923
预测: 如何启用前除霜/除雾功能？, 得分: 0.9138409495353699
预测: 当我开启前挡风玻璃的去冰去雾模式时，车辆会有什么反应？, 得分: 0.9419136941432953
预测: 为什么驾驶之前需要确保挡风玻璃无冰渣、积雪或冷凝水？, 得分: 0.9281018674373627
预测: 什么情况下车辆需要进行报废处理？, 得分: 0.9934791028499603
预测: 什么是遥控泊车（RPA）？, 得分: 0.9557779431343079
预测: 使用Lynk&CoApp的RPA功能需要注意什么？, 得分: 0.9756341576576233
预测: 如何开启方向盘助力与驾驶模式联动？, 得分: 0.9439119398593903
预测: 有哪些可选的方向盘转向助力模式？, 得分: 0.9069314897060394
预测: 主动式座舱清洁系统的作用是什么？, 得分: 0.9370051026344299
预测: 全景天窗是由几部分组成的？, 得分: 0.9567549228668213
预测: 如何使用位置记忆功能？, 得分: 0.9217332601547241
预测: 如何更换后挡风玻璃雨刮片？, 得分: 0.9741371870040894
预测: 在更换雨刮片时需要注意什么？, 得分: 0.9697721898555756
预测: 如何添加香氛精油？, 得分: 0.9857372045516968
预测: 我应该在哪里添加香氛精油？, 得分: 0.9803880453109741
预测: 什么是转向助力系统？, 得分: 0.9958062767982483
预测: 涉水行驶前应注意什么？, 得分: 0.9978458285331726
预测: 涉水驾驶后需要进行哪些检查？, 得分: 0.9939515888690948
预测: 什么时候应该为车辆打蜡？, 得分: 0.9255841970443726


====================================================================================================
预测问题数：103, 预测最终得分：0.9105549176919807
====================================================================================================

结果文件保存至./data/metrics.json
